app/build/outputs/logs/manifest-merger-debug-report.txt
-- Merging decision tree log ---
manifest
ADDED from src\main\AndroidManifest.xml:2:1-61:12
INJECTED from src\main\AndroidManifest.xml:2:1-61:12
INJECTED from src\main\AndroidManifest.xml:2:1-61:12
INJECTED from src\main\AndroidManifest.xml:2:1-61:12
INJECTED from src\main\AndroidManifest.xml:2:1-61:12
INJECTED from src\main\AndroidManifest.xml:2:1-61:12
INJECTED from src\main\AndroidManifest.xml:2:1-61:12
	package
		ADDED from src\main\AndroidManifest.xml:4:31-50
		INJECTED from src\main\AndroidManifest.xml
		INJECTED from src\main\AndroidManifest.xml
	android:versionName
		ADDED from src\main\AndroidManifest.xml:4:5-30
		INJECTED from src\main\AndroidManifest.xml
		INJECTED from src\main\AndroidManifest.xml
	xmlns:android
		ADDED from src\main\AndroidManifest.xml:2:11-69
	android:versionCode
		ADDED from src\main\AndroidManifest.xml:3:5-28
		INJECTED from src\main\AndroidManifest.xml
		INJECTED from src\main\AndroidManifest.xml
uses-sdk
ADDED from src\main\AndroidManifest.xml:6:5-8:41
INJECTED from src\main\AndroidManifest.xml:6:5-8:41
INJECTED from src\main\AndroidManifest.xml:6:5-8:41
INJECTED from src\main\AndroidManifest.xml:6:5-8:41
INJECTED from src\main\AndroidManifest.xml:6:5-8:41
	android:targetSdkVersion
		ADDED from src\main\AndroidManifest.xml:8:9-38
		INJECTED from src\main\AndroidManifest.xml
		INJECTED from src\main\AndroidManifest.xml
	android:minSdkVersion
		ADDED from src\main\AndroidManifest.xml:7:9-35
		INJECTED from src\main\AndroidManifest.xml
		INJECTED from src\main\AndroidManifest.xml
uses-permission#android.permission.BLUETOOTH
ADDED from src\main\AndroidManifest.xml:10:5-68
	android:name
		ADDED from src\main\AndroidManifest.xml:10:22-65
uses-permission#android.permission.BLUETOOTH_ADMIN
ADDED from src\main\AndroidManifest.xml:11:5-74
	android:name
		ADDED from src\main\AndroidManifest.xml:11:22-71
uses-permission#android.permission.ACCESS_COARSE_LOCATION
ADDED from src\main\AndroidManifest.xml:12:5-81
	android:name
		ADDED from src\main\AndroidManifest.xml:12:22-78
uses-permission#android.permission.ACCESS_FINE_LOCATION
ADDED from src\main\AndroidManifest.xml:13:5-79
	android:name
		ADDED from src\main\AndroidManifest.xml:13:22-76
uses-permission#android.permission.READ_EXTERNAL_STORAGE
ADDED from src\main\AndroidManifest.xml:14:5-80
	android:name
		ADDED from src\main\AndroidManifest.xml:14:22-77
uses-permission#android.permission.WRITE_EXTERNAL_STORAGE
ADDED from src\main\AndroidManifest.xml:15:5-81
	android:name
		ADDED from src\main\AndroidManifest.xml:15:22-78
application
ADDED from src\main\AndroidManifest.xml:17:5-59:19
	android:label
		ADDED from src\main\AndroidManifest.xml:20:9-41
	android:icon
		ADDED from src\main\AndroidManifest.xml:19:9-45
	android:allowBackup
		ADDED from src\main\AndroidManifest.xml:18:9-35
	android:theme
		ADDED from src\main\AndroidManifest.xml:21:9-56
activity#com.bepol.beaconNActivities.IntroActivity
ADDED from src\main\AndroidManifest.xml:22:9-31:20
	android:screenOrientation
		ADDED from src\main\AndroidManifest.xml:25:13-49
	android:label
		ADDED from src\main\AndroidManifest.xml:24:13-45
	android:name
		ADDED from src\main\AndroidManifest.xml:23:13-69
intent-filter#android.intent.action.MAIN+android.intent.category.LAUNCHER
ADDED from src\main\AndroidManifest.xml:26:13-30:29
action#android.intent.action.MAIN
ADDED from src\main\AndroidManifest.xml:27:17-69
	android:name
		ADDED from src\main\AndroidManifest.xml:27:25-66
category#android.intent.category.LAUNCHER
ADDED from src\main\AndroidManifest.xml:29:17-77
	android:name
		ADDED from src\main\AndroidManifest.xml:29:27-74
activity#com.bepol.beaconNActivities.MainActivity
ADDED from src\main\AndroidManifest.xml:32:9-34:20
	android:screenOrientation
		ADDED from src\main\AndroidManifest.xml:33:13-49
	android:name
		ADDED from src\main\AndroidManifest.xml:32:19-74
activity#com.bepol.beaconNActivities.BeaconInfoActivity
ADDED from src\main\AndroidManifest.xml:35:9-36:20
	android:name
		ADDED from src\main\AndroidManifest.xml:35:19-80
activity#com.bepol.beaconNActivities.BeaconSignal
ADDED from src\main\AndroidManifest.xml:37:9-38:20
	android:name
		ADDED from src\main\AndroidManifest.xml:37:19-74
activity#com.bepol.beaconNActivities.CalibrateDialog
ADDED from src\main\AndroidManifest.xml:39:9-42:20
	android:label
		ADDED from src\main\AndroidManifest.xml:41:13-68
	android:name
		ADDED from src\main\AndroidManifest.xml:40:13-71
activity#com.bepol.beaconNActivities.NaviActivity
ADDED from src\main\AndroidManifest.xml:43:9-46:20
	android:label
		ADDED from src\main\AndroidManifest.xml:45:13-56
	android:name
		ADDED from src\main\AndroidManifest.xml:44:13-68
activity#com.bepol.beaconNActivities.DestsetActivity
ADDED from src\main\AndroidManifest.xml:47:9-50:20
	android:label
		ADDED from src\main\AndroidManifest.xml:49:13-59
	android:name
		ADDED from src\main\AndroidManifest.xml:48:13-71
activity#com.bepol.beaconNActivities.FirstActivity
ADDED from src\main\AndroidManifest.xml:51:9-54:20
	android:label
		ADDED from src\main\AndroidManifest.xml:53:13-57
	android:name
		ADDED from src\main\AndroidManifest.xml:52:13-69